
Note: Compatibility modes selected: hs a


Circuit: * num: 0 corner: tt vdd: 1.8 temp: 25

option SCALE: Scale is set to 1e-06 for instance and model parameters
option SCALE: Scale is set to 1e-06 for instance and model parameters
option SCALE: Scale is set to 1e-06 for instance and model parameters
option SCALE: Scale is set to 1e-06 for instance and model parameters
Doing analysis at TEMP = 25.000000 and TNOM = 27.000000


No. of Data Rows : 1
Doing analysis at TEMP = 25.000000 and TNOM = 27.000000


No. of Data Rows : 71
Doing analysis at TEMP = 25.000000 and TNOM = 27.000000


No. of Data Rows : 71
Doing analysis at TEMP = 25.000000 and TNOM = 27.000000


No. of Data Rows : 71
av100hz             =  4.400376e+01
gbw                 =  1.752469e+07
pm                  =  8.205980e+01
cmrr100hz           =  4.405837e+01
psrr100hz           =  4.481154e+01
ERROR: (internal)  This operation is not defined for display type PrinterOnly.
Can't open viewport for graphics.
ERROR: (internal)  This operation is not defined for display type PrinterOnly.
Can't open viewport for graphics.
idd = -1.17097e-03
vos = -2.96430e-13
vocm = 8.843402e-01
binary raw file "./out/sp0.raw"
Doing analysis at TEMP = 25.000000 and TNOM = 27.000000

OP information in rawfile.

Total analysis time (seconds) = 0.547

Total elapsed time (seconds) = 3.143 

Total DRAM available = 7841.855 MB.
DRAM currently available =  239.285 MB.
Maximum ngspice program size =  266.750 MB.
Current ngspice program size =  249.234 MB.

Shared ngspice pages =   11.090 MB.
Text (code) pages =    5.461 MB.
Stack = 0 bytes.
Library pages =  246.305 MB.

