
Note: Compatibility modes selected: hs a


Circuit: * num: 1 corner: ss vdd: 1.8 temp: 25

option SCALE: Scale is set to 1e-06 for instance and model parameters
option SCALE: Scale is set to 1e-06 for instance and model parameters
option SCALE: Scale is set to 1e-06 for instance and model parameters
option SCALE: Scale is set to 1e-06 for instance and model parameters
Doing analysis at TEMP = 25.000000 and TNOM = 27.000000


No. of Data Rows : 1
Doing analysis at TEMP = 25.000000 and TNOM = 27.000000


No. of Data Rows : 71
Doing analysis at TEMP = 25.000000 and TNOM = 27.000000


No. of Data Rows : 71
Doing analysis at TEMP = 25.000000 and TNOM = 27.000000


No. of Data Rows : 71
av100hz             =  4.475283e+01
gbw                 =  1.552621e+07
pm                  =  8.218394e+01
cmrr100hz           =  4.480294e+01
psrr100hz           =  4.559546e+01
ERROR: (internal)  This operation is not defined for display type PrinterOnly.
Can't open viewport for graphics.
ERROR: (internal)  This operation is not defined for display type PrinterOnly.
Can't open viewport for graphics.
idd = -9.22351e-04
vos = -2.57661e-12
vocm = 8.623050e-01
binary raw file "./out/sp1.raw"
Doing analysis at TEMP = 25.000000 and TNOM = 27.000000

OP information in rawfile.

Total analysis time (seconds) = 0.536

Total elapsed time (seconds) = 3.109 

Total DRAM available = 7841.855 MB.
DRAM currently available =  238.480 MB.
Maximum ngspice program size =  266.762 MB.
Current ngspice program size =  248.914 MB.

Shared ngspice pages =   10.648 MB.
Text (code) pages =    5.461 MB.
Stack = 0 bytes.
Library pages =  246.316 MB.

