
Note: Compatibility modes selected: hs a


Circuit: * num: 10 corner: tt vdd: 1.65 temp: 125

option SCALE: Scale is set to 1e-06 for instance and model parameters
option SCALE: Scale is set to 1e-06 for instance and model parameters
option SCALE: Scale is set to 1e-06 for instance and model parameters
option SCALE: Scale is set to 1e-06 for instance and model parameters
Doing analysis at TEMP = 125.000000 and TNOM = 27.000000


No. of Data Rows : 1
Doing analysis at TEMP = 125.000000 and TNOM = 27.000000


No. of Data Rows : 71
Doing analysis at TEMP = 125.000000 and TNOM = 27.000000


No. of Data Rows : 71
Doing analysis at TEMP = 125.000000 and TNOM = 27.000000


No. of Data Rows : 71
av100hz             =  4.077119e+01
gbw                 =  1.341536e+07
pm                  =  8.240738e+01
cmrr100hz           =  4.085031e+01
psrr100hz           =  4.149126e+01
ERROR: (internal)  This operation is not defined for display type PrinterOnly.
Can't open viewport for graphics.
ERROR: (internal)  This operation is not defined for display type PrinterOnly.
Can't open viewport for graphics.
idd = -1.02128e-03
vos = 1.730838e-13
vocm = 8.669135e-01
binary raw file "./out/sp10.raw"
Doing analysis at TEMP = 125.000000 and TNOM = 27.000000

OP information in rawfile.

Total analysis time (seconds) = 0.569

Total elapsed time (seconds) = 3.178 

Total DRAM available = 7841.855 MB.
DRAM currently available =  239.258 MB.
Maximum ngspice program size =  266.750 MB.
Current ngspice program size =  248.906 MB.

Shared ngspice pages =   10.758 MB.
Text (code) pages =    5.461 MB.
Stack = 0 bytes.
Library pages =  246.305 MB.

