
Note: Compatibility modes selected: hs a


Circuit: * num: 11 corner: ss vdd: 1.65 temp: 125

option SCALE: Scale is set to 1e-06 for instance and model parameters
option SCALE: Scale is set to 1e-06 for instance and model parameters
option SCALE: Scale is set to 1e-06 for instance and model parameters
option SCALE: Scale is set to 1e-06 for instance and model parameters
Doing analysis at TEMP = 125.000000 and TNOM = 27.000000


No. of Data Rows : 1
Doing analysis at TEMP = 125.000000 and TNOM = 27.000000


No. of Data Rows : 71
Doing analysis at TEMP = 125.000000 and TNOM = 27.000000


No. of Data Rows : 71
Doing analysis at TEMP = 125.000000 and TNOM = 27.000000


No. of Data Rows : 71
av100hz             =  4.255123e+01
gbw                 =  1.214003e+07
pm                  =  8.244904e+01
cmrr100hz           =  4.261574e+01
psrr100hz           =  4.329692e+01
ERROR: (internal)  This operation is not defined for display type PrinterOnly.
Can't open viewport for graphics.
ERROR: (internal)  This operation is not defined for display type PrinterOnly.
Can't open viewport for graphics.
idd = -8.29013e-04
vos = 2.039480e-13
vocm = 8.442527e-01
binary raw file "./out/sp11.raw"
Doing analysis at TEMP = 125.000000 and TNOM = 27.000000

OP information in rawfile.

Total analysis time (seconds) = 0.561

Total elapsed time (seconds) = 3.275 

Total DRAM available = 7841.855 MB.
DRAM currently available =  239.613 MB.
Maximum ngspice program size =  266.750 MB.
Current ngspice program size =  249.426 MB.

Shared ngspice pages =   11.156 MB.
Text (code) pages =    5.461 MB.
Stack = 0 bytes.
Library pages =  246.305 MB.

