
Note: Compatibility modes selected: hs a


Circuit: * num: 12 corner: ff vdd: 1.65 temp: 125

option SCALE: Scale is set to 1e-06 for instance and model parameters
option SCALE: Scale is set to 1e-06 for instance and model parameters
option SCALE: Scale is set to 1e-06 for instance and model parameters
option SCALE: Scale is set to 1e-06 for instance and model parameters
Doing analysis at TEMP = 125.000000 and TNOM = 27.000000


No. of Data Rows : 1
Doing analysis at TEMP = 125.000000 and TNOM = 27.000000


No. of Data Rows : 71
Doing analysis at TEMP = 125.000000 and TNOM = 27.000000


No. of Data Rows : 71
Doing analysis at TEMP = 125.000000 and TNOM = 27.000000


No. of Data Rows : 71
av100hz             =  3.832026e+01
gbw                 =  1.460817e+07
pm                  =  8.247040e+01
cmrr100hz           =  3.842501e+01
psrr100hz           =  3.902138e+01
ERROR: (internal)  This operation is not defined for display type PrinterOnly.
Can't open viewport for graphics.
ERROR: (internal)  This operation is not defined for display type PrinterOnly.
Can't open viewport for graphics.
idd = -1.22500e-03
vos = -3.27627e-13
vocm = 8.879560e-01
binary raw file "./out/sp12.raw"
Doing analysis at TEMP = 125.000000 and TNOM = 27.000000

OP information in rawfile.

Total analysis time (seconds) = 0.59

Total elapsed time (seconds) = 3.256 

Total DRAM available = 7841.855 MB.
DRAM currently available =  241.836 MB.
Maximum ngspice program size =  266.758 MB.
Current ngspice program size =  249.387 MB.

Shared ngspice pages =   11.109 MB.
Text (code) pages =    5.461 MB.
Stack = 0 bytes.
Library pages =  246.312 MB.

