
Note: Compatibility modes selected: hs a


Circuit: * num: 15 corner: tt vdd: 1.95 temp: -40

option SCALE: Scale is set to 1e-06 for instance and model parameters
option SCALE: Scale is set to 1e-06 for instance and model parameters
option SCALE: Scale is set to 1e-06 for instance and model parameters
option SCALE: Scale is set to 1e-06 for instance and model parameters
Doing analysis at TEMP = -40.000000 and TNOM = 27.000000


No. of Data Rows : 1
Doing analysis at TEMP = -40.000000 and TNOM = 27.000000


No. of Data Rows : 71
Doing analysis at TEMP = -40.000000 and TNOM = 27.000000


No. of Data Rows : 71
Doing analysis at TEMP = -40.000000 and TNOM = 27.000000


No. of Data Rows : 71
av100hz             =  4.472720e+01
gbw                 =  2.428591e+07
pm                  =  8.190639e+01
cmrr100hz           =  4.477745e+01
psrr100hz           =  4.549408e+01
ERROR: (internal)  This operation is not defined for display type PrinterOnly.
Can't open viewport for graphics.
ERROR: (internal)  This operation is not defined for display type PrinterOnly.
Can't open viewport for graphics.
idd = -1.56347e-03
vos = 1.634248e-13
vocm = 9.237371e-01
binary raw file "./out/sp15.raw"
Doing analysis at TEMP = -40.000000 and TNOM = 27.000000

OP information in rawfile.

Total analysis time (seconds) = 0.605

Total elapsed time (seconds) = 3.186 

Total DRAM available = 7841.855 MB.
DRAM currently available =  263.574 MB.
Maximum ngspice program size =  266.742 MB.
Current ngspice program size =  249.020 MB.

Shared ngspice pages =   10.875 MB.
Text (code) pages =    5.461 MB.
Stack = 0 bytes.
Library pages =  246.297 MB.

