
Note: Compatibility modes selected: hs a


Circuit: * num: 16 corner: ss vdd: 1.95 temp: -40

option SCALE: Scale is set to 1e-06 for instance and model parameters
option SCALE: Scale is set to 1e-06 for instance and model parameters
option SCALE: Scale is set to 1e-06 for instance and model parameters
option SCALE: Scale is set to 1e-06 for instance and model parameters
Doing analysis at TEMP = -40.000000 and TNOM = 27.000000


No. of Data Rows : 1
Doing analysis at TEMP = -40.000000 and TNOM = 27.000000


No. of Data Rows : 71
Doing analysis at TEMP = -40.000000 and TNOM = 27.000000


No. of Data Rows : 71
Doing analysis at TEMP = -40.000000 and TNOM = 27.000000


No. of Data Rows : 71
av100hz             =  4.517109e+01
gbw                 =  2.147680e+07
pm                  =  8.195887e+01
cmrr100hz           =  4.521885e+01
psrr100hz           =  4.597094e+01
ERROR: (internal)  This operation is not defined for display type PrinterOnly.
Can't open viewport for graphics.
ERROR: (internal)  This operation is not defined for display type PrinterOnly.
Can't open viewport for graphics.
idd = -1.22196e-03
vos = 1.887379e-15
vocm = 9.023186e-01
binary raw file "./out/sp16.raw"
Doing analysis at TEMP = -40.000000 and TNOM = 27.000000

OP information in rawfile.

Total analysis time (seconds) = 0.614

Total elapsed time (seconds) = 3.185 

Total DRAM available = 7841.855 MB.
DRAM currently available =  256.359 MB.
Maximum ngspice program size =  266.746 MB.
Current ngspice program size =  248.734 MB.

Shared ngspice pages =   10.469 MB.
Text (code) pages =    5.461 MB.
Stack = 0 bytes.
Library pages =  246.301 MB.

