
Note: Compatibility modes selected: hs a


Circuit: * num: 17 corner: ff vdd: 1.95 temp: -40

option SCALE: Scale is set to 1e-06 for instance and model parameters
option SCALE: Scale is set to 1e-06 for instance and model parameters
option SCALE: Scale is set to 1e-06 for instance and model parameters
option SCALE: Scale is set to 1e-06 for instance and model parameters
Doing analysis at TEMP = -40.000000 and TNOM = 27.000000


No. of Data Rows : 1
Doing analysis at TEMP = -40.000000 and TNOM = 27.000000


No. of Data Rows : 71
Doing analysis at TEMP = -40.000000 and TNOM = 27.000000


No. of Data Rows : 71
Doing analysis at TEMP = -40.000000 and TNOM = 27.000000


No. of Data Rows : 71
av100hz             =  4.417850e+01
gbw                 =  2.703942e+07
pm                  =  8.184919e+01
cmrr100hz           =  4.423202e+01
psrr100hz           =  4.493465e+01
ERROR: (internal)  This operation is not defined for display type PrinterOnly.
Can't open viewport for graphics.
ERROR: (internal)  This operation is not defined for display type PrinterOnly.
Can't open viewport for graphics.
idd = -1.92437e-03
vos = -4.38982e-13
vocm = 9.426740e-01
binary raw file "./out/sp17.raw"
Doing analysis at TEMP = -40.000000 and TNOM = 27.000000

OP information in rawfile.

Total analysis time (seconds) = 0.532

Total elapsed time (seconds) = 3.106 

Total DRAM available = 7841.855 MB.
DRAM currently available =  268.094 MB.
Maximum ngspice program size =  266.758 MB.
Current ngspice program size =  249.109 MB.

Shared ngspice pages =   10.836 MB.
Text (code) pages =    5.461 MB.
Stack = 0 bytes.
Library pages =  246.312 MB.

