
Note: Compatibility modes selected: hs a


Circuit: * num: 18 corner: sf vdd: 1.95 temp: -40

option SCALE: Scale is set to 1e-06 for instance and model parameters
option SCALE: Scale is set to 1e-06 for instance and model parameters
option SCALE: Scale is set to 1e-06 for instance and model parameters
option SCALE: Scale is set to 1e-06 for instance and model parameters
Doing analysis at TEMP = -40.000000 and TNOM = 27.000000


No. of Data Rows : 1
Doing analysis at TEMP = -40.000000 and TNOM = 27.000000


No. of Data Rows : 71
Doing analysis at TEMP = -40.000000 and TNOM = 27.000000


No. of Data Rows : 71
Doing analysis at TEMP = -40.000000 and TNOM = 27.000000


No. of Data Rows : 71
av100hz             =  4.508331e+01
gbw                 =  2.190775e+07
pm                  =  8.194251e+01
cmrr100hz           =  4.513155e+01
psrr100hz           =  4.586340e+01
ERROR: (internal)  This operation is not defined for display type PrinterOnly.
Can't open viewport for graphics.
ERROR: (internal)  This operation is not defined for display type PrinterOnly.
Can't open viewport for graphics.
idd = -1.22713e-03
vos = 1.567635e-13
vocm = 8.580381e-01
binary raw file "./out/sp18.raw"
Doing analysis at TEMP = -40.000000 and TNOM = 27.000000

OP information in rawfile.

Total analysis time (seconds) = 0.612

Total elapsed time (seconds) = 3.251 

Total DRAM available = 7841.855 MB.
DRAM currently available =  276.188 MB.
Maximum ngspice program size =  266.746 MB.
Current ngspice program size =  248.691 MB.

Shared ngspice pages =   10.543 MB.
Text (code) pages =    5.461 MB.
Stack = 0 bytes.
Library pages =  246.301 MB.

