
Note: Compatibility modes selected: hs a


Circuit: * num: 19 corner: fs vdd: 1.95 temp: -40

option SCALE: Scale is set to 1e-06 for instance and model parameters
option SCALE: Scale is set to 1e-06 for instance and model parameters
option SCALE: Scale is set to 1e-06 for instance and model parameters
option SCALE: Scale is set to 1e-06 for instance and model parameters
Doing analysis at TEMP = -40.000000 and TNOM = 27.000000


No. of Data Rows : 1
Doing analysis at TEMP = -40.000000 and TNOM = 27.000000


No. of Data Rows : 71
Doing analysis at TEMP = -40.000000 and TNOM = 27.000000


No. of Data Rows : 71
Doing analysis at TEMP = -40.000000 and TNOM = 27.000000


No. of Data Rows : 71
av100hz             =  4.398395e+01
gbw                 =  2.601363e+07
pm                  =  8.189655e+01
cmrr100hz           =  4.403868e+01
psrr100hz           =  4.484663e+01
ERROR: (internal)  This operation is not defined for display type PrinterOnly.
Can't open viewport for graphics.
ERROR: (internal)  This operation is not defined for display type PrinterOnly.
Can't open viewport for graphics.
idd = -1.88349e-03
vos = 8.980594e-13
vocm = 9.845679e-01
binary raw file "./out/sp19.raw"
Doing analysis at TEMP = -40.000000 and TNOM = 27.000000

OP information in rawfile.

Total analysis time (seconds) = 0.541

Total elapsed time (seconds) = 3.124 

Total DRAM available = 7841.855 MB.
DRAM currently available =  275.520 MB.
Maximum ngspice program size =  266.758 MB.
Current ngspice program size =  249.148 MB.

Shared ngspice pages =   10.992 MB.
Text (code) pages =    5.461 MB.
Stack = 0 bytes.
Library pages =  246.312 MB.

