
Note: Compatibility modes selected: hs a


Circuit: * num: 2 corner: ff vdd: 1.8 temp: 25

option SCALE: Scale is set to 1e-06 for instance and model parameters
option SCALE: Scale is set to 1e-06 for instance and model parameters
option SCALE: Scale is set to 1e-06 for instance and model parameters
option SCALE: Scale is set to 1e-06 for instance and model parameters
Doing analysis at TEMP = 25.000000 and TNOM = 27.000000


No. of Data Rows : 1
Doing analysis at TEMP = 25.000000 and TNOM = 27.000000


No. of Data Rows : 71
Doing analysis at TEMP = 25.000000 and TNOM = 27.000000


No. of Data Rows : 71
Doing analysis at TEMP = 25.000000 and TNOM = 27.000000


No. of Data Rows : 71
av100hz             =  4.302325e+01
gbw                 =  1.929496e+07
pm                  =  8.203997e+01
cmrr100hz           =  4.308436e+01
psrr100hz           =  4.381059e+01
ERROR: (internal)  This operation is not defined for display type PrinterOnly.
Can't open viewport for graphics.
ERROR: (internal)  This operation is not defined for display type PrinterOnly.
Can't open viewport for graphics.
idd = -1.43614e-03
vos = 1.869616e-13
vocm = 9.044277e-01
binary raw file "./out/sp2.raw"
Doing analysis at TEMP = 25.000000 and TNOM = 27.000000

OP information in rawfile.

Total analysis time (seconds) = 0.541

Total elapsed time (seconds) = 3.180 

Total DRAM available = 7841.855 MB.
DRAM currently available =  262.012 MB.
Maximum ngspice program size =  266.758 MB.
Current ngspice program size =  249.191 MB.

Shared ngspice pages =   11.031 MB.
Text (code) pages =    5.461 MB.
Stack = 0 bytes.
Library pages =  246.312 MB.

