
Note: Compatibility modes selected: hs a


Circuit: * num: 21 corner: ss vdd: 1.95 temp: 125

option SCALE: Scale is set to 1e-06 for instance and model parameters
option SCALE: Scale is set to 1e-06 for instance and model parameters
option SCALE: Scale is set to 1e-06 for instance and model parameters
option SCALE: Scale is set to 1e-06 for instance and model parameters
Doing analysis at TEMP = 125.000000 and TNOM = 27.000000


No. of Data Rows : 1
Doing analysis at TEMP = 125.000000 and TNOM = 27.000000


No. of Data Rows : 71
Doing analysis at TEMP = 125.000000 and TNOM = 27.000000


No. of Data Rows : 71
Doing analysis at TEMP = 125.000000 and TNOM = 27.000000


No. of Data Rows : 71
av100hz             =  4.148830e+01
gbw                 =  1.682782e+07
pm                  =  8.230764e+01
cmrr100hz           =  4.156118e+01
psrr100hz           =  4.169217e+01
ERROR: (internal)  This operation is not defined for display type PrinterOnly.
Can't open viewport for graphics.
ERROR: (internal)  This operation is not defined for display type PrinterOnly.
Can't open viewport for graphics.
idd = -1.59431e-03
vos = 3.383960e-13
vocm = 9.869276e-01
binary raw file "./out/sp21.raw"
Doing analysis at TEMP = 125.000000 and TNOM = 27.000000

OP information in rawfile.

Total analysis time (seconds) = 0.541

Total elapsed time (seconds) = 3.175 

Total DRAM available = 7841.855 MB.
DRAM currently available =  259.859 MB.
Maximum ngspice program size =  266.746 MB.
Current ngspice program size =  249.207 MB.

Shared ngspice pages =   10.938 MB.
Text (code) pages =    5.461 MB.
Stack = 0 bytes.
Library pages =  246.301 MB.

