
Note: Compatibility modes selected: hs a


Circuit: * num: 22 corner: ff vdd: 1.95 temp: 125

option SCALE: Scale is set to 1e-06 for instance and model parameters
option SCALE: Scale is set to 1e-06 for instance and model parameters
option SCALE: Scale is set to 1e-06 for instance and model parameters
option SCALE: Scale is set to 1e-06 for instance and model parameters
Doing analysis at TEMP = 125.000000 and TNOM = 27.000000


No. of Data Rows : 1
Doing analysis at TEMP = 125.000000 and TNOM = 27.000000


No. of Data Rows : 71
Doing analysis at TEMP = 125.000000 and TNOM = 27.000000


No. of Data Rows : 71
Doing analysis at TEMP = 125.000000 and TNOM = 27.000000


No. of Data Rows : 71
av100hz             =  3.789368e+01
gbw                 =  1.937051e+07
pm                  =  8.244570e+01
cmrr100hz           =  3.800368e+01
psrr100hz           =  3.798366e+01
ERROR: (internal)  This operation is not defined for display type PrinterOnly.
Can't open viewport for graphics.
ERROR: (internal)  This operation is not defined for display type PrinterOnly.
Can't open viewport for graphics.
idd = -2.13071e-03
vos = 1.212364e-13
vocm = 1.032358e+00
binary raw file "./out/sp22.raw"
Doing analysis at TEMP = 125.000000 and TNOM = 27.000000

OP information in rawfile.

Total analysis time (seconds) = 0.547

Total elapsed time (seconds) = 3.252 

Total DRAM available = 7841.855 MB.
DRAM currently available =  271.184 MB.
Maximum ngspice program size =  266.758 MB.
Current ngspice program size =  249.480 MB.

Shared ngspice pages =   11.207 MB.
Text (code) pages =    5.461 MB.
Stack = 0 bytes.
Library pages =  246.312 MB.

