
Note: Compatibility modes selected: hs a


Circuit: * num: 23 corner: sf vdd: 1.95 temp: 125

option SCALE: Scale is set to 1e-06 for instance and model parameters
option SCALE: Scale is set to 1e-06 for instance and model parameters
option SCALE: Scale is set to 1e-06 for instance and model parameters
option SCALE: Scale is set to 1e-06 for instance and model parameters
Doing analysis at TEMP = 125.000000 and TNOM = 27.000000


No. of Data Rows : 1
Doing analysis at TEMP = 125.000000 and TNOM = 27.000000


No. of Data Rows : 71
Doing analysis at TEMP = 125.000000 and TNOM = 27.000000


No. of Data Rows : 71
Doing analysis at TEMP = 125.000000 and TNOM = 27.000000


No. of Data Rows : 71
av100hz             =  4.180765e+01
gbw                 =  1.718463e+07
pm                  =  8.225272e+01
cmrr100hz           =  4.187791e+01
psrr100hz           =  4.201165e+01
ERROR: (internal)  This operation is not defined for display type PrinterOnly.
Can't open viewport for graphics.
ERROR: (internal)  This operation is not defined for display type PrinterOnly.
Can't open viewport for graphics.
idd = -1.61159e-03
vos = -6.35936e-13
vocm = 9.435559e-01
binary raw file "./out/sp23.raw"
Doing analysis at TEMP = 125.000000 and TNOM = 27.000000

OP information in rawfile.

Total analysis time (seconds) = 0.559

Total elapsed time (seconds) = 3.185 

Total DRAM available = 7841.855 MB.
DRAM currently available =  269.879 MB.
Maximum ngspice program size =  266.750 MB.
Current ngspice program size =  248.676 MB.

Shared ngspice pages =   10.527 MB.
Text (code) pages =    5.461 MB.
Stack = 0 bytes.
Library pages =  246.305 MB.

