
Note: Compatibility modes selected: hs a


Circuit: * num: 24 corner: fs vdd: 1.95 temp: 125

option SCALE: Scale is set to 1e-06 for instance and model parameters
option SCALE: Scale is set to 1e-06 for instance and model parameters
option SCALE: Scale is set to 1e-06 for instance and model parameters
option SCALE: Scale is set to 1e-06 for instance and model parameters
Doing analysis at TEMP = 125.000000 and TNOM = 27.000000


No. of Data Rows : 1
Doing analysis at TEMP = 125.000000 and TNOM = 27.000000


No. of Data Rows : 71
Doing analysis at TEMP = 125.000000 and TNOM = 27.000000


No. of Data Rows : 71
Doing analysis at TEMP = 125.000000 and TNOM = 27.000000


No. of Data Rows : 71
av100hz             =  3.615716e+01
gbw                 =  1.883389e+07
pm                  =  8.261964e+01
cmrr100hz           =  3.629131e+01
psrr100hz           =  3.630113e+01
ERROR: (internal)  This operation is not defined for display type PrinterOnly.
Can't open viewport for graphics.
ERROR: (internal)  This operation is not defined for display type PrinterOnly.
Can't open viewport for graphics.
idd = -2.09321e-03
vos = 8.615331e-14
vocm = 1.074208e+00
binary raw file "./out/sp24.raw"
Doing analysis at TEMP = 125.000000 and TNOM = 27.000000

OP information in rawfile.

Total analysis time (seconds) = 0.551

Total elapsed time (seconds) = 3.193 

Total DRAM available = 7841.855 MB.
DRAM currently available =  260.922 MB.
Maximum ngspice program size =  266.754 MB.
Current ngspice program size =  248.965 MB.

Shared ngspice pages =   10.812 MB.
Text (code) pages =    5.461 MB.
Stack = 0 bytes.
Library pages =  246.309 MB.

