
Note: Compatibility modes selected: hs a


Circuit: * num: 3 corner: sf vdd: 1.8 temp: 25

option SCALE: Scale is set to 1e-06 for instance and model parameters
option SCALE: Scale is set to 1e-06 for instance and model parameters
option SCALE: Scale is set to 1e-06 for instance and model parameters
option SCALE: Scale is set to 1e-06 for instance and model parameters
Doing analysis at TEMP = 25.000000 and TNOM = 27.000000


No. of Data Rows : 1
Doing analysis at TEMP = 25.000000 and TNOM = 27.000000


No. of Data Rows : 71
Doing analysis at TEMP = 25.000000 and TNOM = 27.000000


No. of Data Rows : 71
Doing analysis at TEMP = 25.000000 and TNOM = 27.000000


No. of Data Rows : 71
av100hz             =  4.477215e+01
gbw                 =  1.581458e+07
pm                  =  8.218981e+01
cmrr100hz           =  4.482215e+01
psrr100hz           =  4.557082e+01
ERROR: (internal)  This operation is not defined for display type PrinterOnly.
Can't open viewport for graphics.
ERROR: (internal)  This operation is not defined for display type PrinterOnly.
Can't open viewport for graphics.
idd = -9.25088e-04
vos = -2.76446e-14
vocm = 8.180904e-01
binary raw file "./out/sp3.raw"
Doing analysis at TEMP = 25.000000 and TNOM = 27.000000

OP information in rawfile.

Total analysis time (seconds) = 0.669

Total elapsed time (seconds) = 3.317 

Total DRAM available = 7841.855 MB.
DRAM currently available =  256.602 MB.
Maximum ngspice program size =  266.742 MB.
Current ngspice program size =  249.434 MB.

Shared ngspice pages =   11.168 MB.
Text (code) pages =    5.461 MB.
Stack = 0 bytes.
Library pages =  246.297 MB.

