
Note: Compatibility modes selected: hs a


Circuit: * num: 5 corner: tt vdd: 1.65 temp: -40

option SCALE: Scale is set to 1e-06 for instance and model parameters
option SCALE: Scale is set to 1e-06 for instance and model parameters
option SCALE: Scale is set to 1e-06 for instance and model parameters
option SCALE: Scale is set to 1e-06 for instance and model parameters
Doing analysis at TEMP = -40.000000 and TNOM = 27.000000


No. of Data Rows : 1
Doing analysis at TEMP = -40.000000 and TNOM = 27.000000


No. of Data Rows : 71
Doing analysis at TEMP = -40.000000 and TNOM = 27.000000


No. of Data Rows : 71
Doing analysis at TEMP = -40.000000 and TNOM = 27.000000


No. of Data Rows : 71
av100hz             =  4.561670e+01
gbw                 =  1.395677e+07
pm                  =  8.211422e+01
cmrr100hz           =  4.566207e+01
psrr100hz           =  4.703896e+01
ERROR: (internal)  This operation is not defined for display type PrinterOnly.
Can't open viewport for graphics.
ERROR: (internal)  This operation is not defined for display type PrinterOnly.
Can't open viewport for graphics.
idd = -5.60141e-04
vos = -1.45273e-12
vocm = 7.911390e-01
binary raw file "./out/sp5.raw"
Doing analysis at TEMP = -40.000000 and TNOM = 27.000000

OP information in rawfile.

Total analysis time (seconds) = 0.756

Total elapsed time (seconds) = 3.786 

Total DRAM available = 7841.855 MB.
DRAM currently available =  210.172 MB.
Maximum ngspice program size =  266.730 MB.
Current ngspice program size =  248.855 MB.

Shared ngspice pages =   10.594 MB.
Text (code) pages =    5.461 MB.
Stack = 0 bytes.
Library pages =  246.285 MB.

