
Note: Compatibility modes selected: hs a


Circuit: * num: 6 corner: ss vdd: 1.65 temp: -40

option SCALE: Scale is set to 1e-06 for instance and model parameters
option SCALE: Scale is set to 1e-06 for instance and model parameters
option SCALE: Scale is set to 1e-06 for instance and model parameters
option SCALE: Scale is set to 1e-06 for instance and model parameters
Doing analysis at TEMP = -40.000000 and TNOM = 27.000000


No. of Data Rows : 1
Doing analysis at TEMP = -40.000000 and TNOM = 27.000000


No. of Data Rows : 71
Doing analysis at TEMP = -40.000000 and TNOM = 27.000000


No. of Data Rows : 71
Doing analysis at TEMP = -40.000000 and TNOM = 27.000000


No. of Data Rows : 71
av100hz             =  4.601524e+01
gbw                 =  1.130094e+07
pm                  =  8.247910e+01
cmrr100hz           =  4.605859e+01
psrr100hz           =  4.732855e+01
ERROR: (internal)  This operation is not defined for display type PrinterOnly.
Can't open viewport for graphics.
ERROR: (internal)  This operation is not defined for display type PrinterOnly.
Can't open viewport for graphics.
idd = -3.69492e-04
vos = 3.084311e-12
vocm = 7.693466e-01
binary raw file "./out/sp6.raw"
Doing analysis at TEMP = -40.000000 and TNOM = 27.000000

OP information in rawfile.

Total analysis time (seconds) = 0.758

Total elapsed time (seconds) = 3.709 

Total DRAM available = 7841.855 MB.
DRAM currently available =  205.059 MB.
Maximum ngspice program size =  266.746 MB.
Current ngspice program size =  248.883 MB.

Shared ngspice pages =   10.621 MB.
Text (code) pages =    5.461 MB.
Stack = 0 bytes.
Library pages =  246.301 MB.

