
Note: Compatibility modes selected: hs a


Circuit: * num: 7 corner: ff vdd: 1.65 temp: -40

option SCALE: Scale is set to 1e-06 for instance and model parameters
option SCALE: Scale is set to 1e-06 for instance and model parameters
option SCALE: Scale is set to 1e-06 for instance and model parameters
option SCALE: Scale is set to 1e-06 for instance and model parameters
Doing analysis at TEMP = -40.000000 and TNOM = 27.000000


No. of Data Rows : 1
Doing analysis at TEMP = -40.000000 and TNOM = 27.000000


No. of Data Rows : 71
Doing analysis at TEMP = -40.000000 and TNOM = 27.000000


No. of Data Rows : 71
Doing analysis at TEMP = -40.000000 and TNOM = 27.000000


No. of Data Rows : 71
av100hz             =  4.503600e+01
gbw                 =  1.639602e+07
pm                  =  8.194763e+01
cmrr100hz           =  4.508451e+01
psrr100hz           =  4.654059e+01
ERROR: (internal)  This operation is not defined for display type PrinterOnly.
Can't open viewport for graphics.
ERROR: (internal)  This operation is not defined for display type PrinterOnly.
Can't open viewport for graphics.
idd = -7.80660e-04
vos = 1.667000e-12
vocm = 8.104706e-01
binary raw file "./out/sp7.raw"
Doing analysis at TEMP = -40.000000 and TNOM = 27.000000

OP information in rawfile.

Total analysis time (seconds) = 0.613

Total elapsed time (seconds) = 3.232 

Total DRAM available = 7841.855 MB.
DRAM currently available =  225.906 MB.
Maximum ngspice program size =  266.742 MB.
Current ngspice program size =  249.059 MB.

Shared ngspice pages =   10.797 MB.
Text (code) pages =    5.461 MB.
Stack = 0 bytes.
Library pages =  246.297 MB.

