
Note: Compatibility modes selected: hs a


Circuit: * num: 0 corner: tt vdd: 1.8 temp: 25

option SCALE: Scale is set to 1e-06 for instance and model parameters
option SCALE: Scale is set to 1e-06 for instance and model parameters
option SCALE: Scale is set to 1e-06 for instance and model parameters
option SCALE: Scale is set to 1e-06 for instance and model parameters
Doing analysis at TEMP = 25.000000 and TNOM = 27.000000


No. of Data Rows : 201
ERROR: (internal)  This operation is not defined for display type PrinterOnly.
Can't open viewport for graphics.
ERROR: (internal)  This operation is not defined for display type PrinterOnly.
Can't open viewport for graphics.
Doing analysis at TEMP = 25.000000 and TNOM = 27.000000


No. of Data Rows : 181
ERROR: (internal)  This operation is not defined for display type PrinterOnly.
Can't open viewport for graphics.
ERROR: (internal)  This operation is not defined for display type PrinterOnly.
Can't open viewport for graphics.
binary raw file "./out/sp0.raw"
Doing analysis at TEMP = 25.000000 and TNOM = 27.000000


Total analysis time (seconds) = 6.043

Total elapsed time (seconds) = 9.843 

Total DRAM available = 7841.867 MB.
DRAM currently available =  594.324 MB.
Maximum ngspice program size =  635.473 MB.
Current ngspice program size =  617.707 MB.

Shared ngspice pages =   10.750 MB.
Text (code) pages =    5.461 MB.
Stack = 0 bytes.
Library pages =  615.027 MB.

