
Note: Compatibility modes selected: hs a


Circuit: * num: 14 corner: fs vdd: 1.65 temp: 125

option SCALE: Scale is set to 1e-06 for instance and model parameters
option SCALE: Scale is set to 1e-06 for instance and model parameters
option SCALE: Scale is set to 1e-06 for instance and model parameters
option SCALE: Scale is set to 1e-06 for instance and model parameters
Doing analysis at TEMP = 125.000000 and TNOM = 27.000000


No. of Data Rows : 201
ERROR: (internal)  This operation is not defined for display type PrinterOnly.
Can't open viewport for graphics.
ERROR: (internal)  This operation is not defined for display type PrinterOnly.
Can't open viewport for graphics.
Doing analysis at TEMP = 125.000000 and TNOM = 27.000000


No. of Data Rows : 166
ERROR: (internal)  This operation is not defined for display type PrinterOnly.
Can't open viewport for graphics.
ERROR: (internal)  This operation is not defined for display type PrinterOnly.
Can't open viewport for graphics.
binary raw file "./out/sp14.raw"
Doing analysis at TEMP = 125.000000 and TNOM = 27.000000


Total analysis time (seconds) = 6.082

Total elapsed time (seconds) = 10.257 

Total DRAM available = 7841.867 MB.
DRAM currently available =  130.223 MB.
Maximum ngspice program size =  635.449 MB.
Current ngspice program size =  617.832 MB.

Shared ngspice pages =   10.898 MB.
Text (code) pages =    5.461 MB.
Stack = 0 bytes.
Library pages =  615.004 MB.

