
Note: Compatibility modes selected: hs a


Circuit: * num: 18 corner: sf vdd: 1.95 temp: -40

option SCALE: Scale is set to 1e-06 for instance and model parameters
option SCALE: Scale is set to 1e-06 for instance and model parameters
option SCALE: Scale is set to 1e-06 for instance and model parameters
option SCALE: Scale is set to 1e-06 for instance and model parameters
Doing analysis at TEMP = -40.000000 and TNOM = 27.000000


No. of Data Rows : 201
ERROR: (internal)  This operation is not defined for display type PrinterOnly.
Can't open viewport for graphics.
ERROR: (internal)  This operation is not defined for display type PrinterOnly.
Can't open viewport for graphics.
Doing analysis at TEMP = -40.000000 and TNOM = 27.000000


No. of Data Rows : 196
ERROR: (internal)  This operation is not defined for display type PrinterOnly.
Can't open viewport for graphics.
ERROR: (internal)  This operation is not defined for display type PrinterOnly.
Can't open viewport for graphics.
binary raw file "./out/sp18.raw"
Doing analysis at TEMP = -40.000000 and TNOM = 27.000000


Total analysis time (seconds) = 6.228

Total elapsed time (seconds) = 10.049 

Total DRAM available = 7841.867 MB.
DRAM currently available =  133.191 MB.
Maximum ngspice program size =  635.453 MB.
Current ngspice program size =  618.023 MB.

Shared ngspice pages =   11.082 MB.
Text (code) pages =    5.461 MB.
Stack = 0 bytes.
Library pages =  615.008 MB.

