
Note: Compatibility modes selected: hs a


Circuit: * num: 20 corner: tt vdd: 1.95 temp: 125

option SCALE: Scale is set to 1e-06 for instance and model parameters
option SCALE: Scale is set to 1e-06 for instance and model parameters
option SCALE: Scale is set to 1e-06 for instance and model parameters
option SCALE: Scale is set to 1e-06 for instance and model parameters
Doing analysis at TEMP = 125.000000 and TNOM = 27.000000


No. of Data Rows : 201
ERROR: (internal)  This operation is not defined for display type PrinterOnly.
Can't open viewport for graphics.
ERROR: (internal)  This operation is not defined for display type PrinterOnly.
Can't open viewport for graphics.
Doing analysis at TEMP = 125.000000 and TNOM = 27.000000


No. of Data Rows : 196
ERROR: (internal)  This operation is not defined for display type PrinterOnly.
Can't open viewport for graphics.
ERROR: (internal)  This operation is not defined for display type PrinterOnly.
Can't open viewport for graphics.
binary raw file "./out/sp20.raw"
Doing analysis at TEMP = 125.000000 and TNOM = 27.000000


Total analysis time (seconds) = 6.425

Total elapsed time (seconds) = 10.215 

Total DRAM available = 7841.867 MB.
DRAM currently available =  141.500 MB.
Maximum ngspice program size =  635.438 MB.
Current ngspice program size =  617.773 MB.

Shared ngspice pages =   10.840 MB.
Text (code) pages =    5.461 MB.
Stack = 0 bytes.
Library pages =  614.992 MB.

