
Note: Compatibility modes selected: hs a


Circuit: * num: 5 corner: tt vdd: 1.65 temp: -40

option SCALE: Scale is set to 1e-06 for instance and model parameters
option SCALE: Scale is set to 1e-06 for instance and model parameters
option SCALE: Scale is set to 1e-06 for instance and model parameters
option SCALE: Scale is set to 1e-06 for instance and model parameters
Doing analysis at TEMP = -40.000000 and TNOM = 27.000000


No. of Data Rows : 201
ERROR: (internal)  This operation is not defined for display type PrinterOnly.
Can't open viewport for graphics.
ERROR: (internal)  This operation is not defined for display type PrinterOnly.
Can't open viewport for graphics.
Doing analysis at TEMP = -40.000000 and TNOM = 27.000000


No. of Data Rows : 166
ERROR: (internal)  This operation is not defined for display type PrinterOnly.
Can't open viewport for graphics.
ERROR: (internal)  This operation is not defined for display type PrinterOnly.
Can't open viewport for graphics.
binary raw file "./out/sp5.raw"
Doing analysis at TEMP = -40.000000 and TNOM = 27.000000


Total analysis time (seconds) = 6.677

Total elapsed time (seconds) = 10.609 

Total DRAM available = 7841.867 MB.
DRAM currently available =  579.484 MB.
Maximum ngspice program size =  635.465 MB.
Current ngspice program size =  617.598 MB.

Shared ngspice pages =   10.648 MB.
Text (code) pages =    5.461 MB.
Stack = 0 bytes.
Library pages =  615.020 MB.

