
Note: Compatibility modes selected: hs a


Circuit: * num: 8 corner: sf vdd: 1.65 temp: -40

option SCALE: Scale is set to 1e-06 for instance and model parameters
option SCALE: Scale is set to 1e-06 for instance and model parameters
option SCALE: Scale is set to 1e-06 for instance and model parameters
option SCALE: Scale is set to 1e-06 for instance and model parameters
Doing analysis at TEMP = -40.000000 and TNOM = 27.000000


No. of Data Rows : 201
ERROR: (internal)  This operation is not defined for display type PrinterOnly.
Can't open viewport for graphics.
ERROR: (internal)  This operation is not defined for display type PrinterOnly.
Can't open viewport for graphics.
Doing analysis at TEMP = -40.000000 and TNOM = 27.000000


No. of Data Rows : 166
ERROR: (internal)  This operation is not defined for display type PrinterOnly.
Can't open viewport for graphics.
ERROR: (internal)  This operation is not defined for display type PrinterOnly.
Can't open viewport for graphics.
binary raw file "./out/sp8.raw"
Doing analysis at TEMP = -40.000000 and TNOM = 27.000000


Total analysis time (seconds) = 6.899

Total elapsed time (seconds) = 10.935 

Total DRAM available = 7841.867 MB.
DRAM currently available =  601.836 MB.
Maximum ngspice program size =  635.461 MB.
Current ngspice program size =  617.723 MB.

Shared ngspice pages =   10.770 MB.
Text (code) pages =    5.461 MB.
Stack = 0 bytes.
Library pages =  615.016 MB.

