
Note: Compatibility modes selected: hs a


Circuit: * num: 0 corner: tt vdd: 1.8 temp: 25

option SCALE: Scale is set to 1e-06 for instance and model parameters
option SCALE: Scale is set to 1e-06 for instance and model parameters
option SCALE: Scale is set to 1e-06 for instance and model parameters
option SCALE: Scale is set to 1e-06 for instance and model parameters
Doing analysis at TEMP = 25.000000 and TNOM = 27.000000


No. of Data Rows : 1
Doing analysis at TEMP = 25.000000 and TNOM = 27.000000


No. of Data Rows : 801
Doing analysis at TEMP = 25.000000 and TNOM = 27.000000


No. of Data Rows : 801
Doing analysis at TEMP = 25.000000 and TNOM = 27.000000


No. of Data Rows : 801
av100hz             =  8.804374e+01
gbw                 =  1.750992e+07
pm                  =  6.138140e+01
cmrr100hz           =  8.809835e+01
psrr100hz           =  8.885153e+01
ERROR: (internal)  This operation is not defined for display type PrinterOnly.
Can't open viewport for graphics.
ERROR: (internal)  This operation is not defined for display type PrinterOnly.
Can't open viewport for graphics.
idd = -1.17097e-03
vos = -1.98397e-13
vocm = 8.843402e-01
binary raw file "./out/sp0.raw"
Doing analysis at TEMP = 25.000000 and TNOM = 27.000000

OP information in rawfile.

Total analysis time (seconds) = 1.974

Total elapsed time (seconds) = 5.380 

Total DRAM available = 7841.855 MB.
DRAM currently available =  127.262 MB.
Maximum ngspice program size =  266.863 MB.
Current ngspice program size =  248.852 MB.

Shared ngspice pages =   10.500 MB.
Text (code) pages =    5.461 MB.
Stack = 0 bytes.
Library pages =  246.418 MB.

