
Note: Compatibility modes selected: hs a


Circuit: * num: 1 corner: ss vdd: 1.8 temp: 25

option SCALE: Scale is set to 1e-06 for instance and model parameters
option SCALE: Scale is set to 1e-06 for instance and model parameters
option SCALE: Scale is set to 1e-06 for instance and model parameters
option SCALE: Scale is set to 1e-06 for instance and model parameters
Doing analysis at TEMP = 25.000000 and TNOM = 27.000000


No. of Data Rows : 1
Doing analysis at TEMP = 25.000000 and TNOM = 27.000000


No. of Data Rows : 801
Doing analysis at TEMP = 25.000000 and TNOM = 27.000000


No. of Data Rows : 801
Doing analysis at TEMP = 25.000000 and TNOM = 27.000000


No. of Data Rows : 801
av100hz             =  8.952293e+01
gbw                 =  1.550311e+07
pm                  =  6.133675e+01
cmrr100hz           =  8.957304e+01
psrr100hz           =  9.036556e+01
ERROR: (internal)  This operation is not defined for display type PrinterOnly.
Can't open viewport for graphics.
ERROR: (internal)  This operation is not defined for display type PrinterOnly.
Can't open viewport for graphics.
idd = -9.22351e-04
vos = -4.98490e-14
vocm = 8.623050e-01
binary raw file "./out/sp1.raw"
Doing analysis at TEMP = 25.000000 and TNOM = 27.000000

OP information in rawfile.

Total analysis time (seconds) = 1.789

Total elapsed time (seconds) = 4.603 

Total DRAM available = 7841.855 MB.
DRAM currently available =  135.766 MB.
Maximum ngspice program size =  266.883 MB.
Current ngspice program size =  249.508 MB.

Shared ngspice pages =   11.141 MB.
Text (code) pages =    5.461 MB.
Stack = 0 bytes.
Library pages =  246.438 MB.

