
Note: Compatibility modes selected: hs a


Circuit: * num: 10 corner: tt vdd: 1.65 temp: 125

option SCALE: Scale is set to 1e-06 for instance and model parameters
option SCALE: Scale is set to 1e-06 for instance and model parameters
option SCALE: Scale is set to 1e-06 for instance and model parameters
option SCALE: Scale is set to 1e-06 for instance and model parameters
Doing analysis at TEMP = 125.000000 and TNOM = 27.000000


No. of Data Rows : 1
Doing analysis at TEMP = 125.000000 and TNOM = 27.000000


No. of Data Rows : 801
Doing analysis at TEMP = 125.000000 and TNOM = 27.000000


No. of Data Rows : 801
Doing analysis at TEMP = 125.000000 and TNOM = 27.000000


No. of Data Rows : 801
av100hz             =  8.161402e+01
gbw                 =  1.331239e+07
pm                  =  6.157051e+01
cmrr100hz           =  8.169314e+01
psrr100hz           =  8.233410e+01
ERROR: (internal)  This operation is not defined for display type PrinterOnly.
Can't open viewport for graphics.
ERROR: (internal)  This operation is not defined for display type PrinterOnly.
Can't open viewport for graphics.
idd = -1.02128e-03
vos = 5.855316e-13
vocm = 8.669135e-01
binary raw file "./out/sp10.raw"
Doing analysis at TEMP = 125.000000 and TNOM = 27.000000

OP information in rawfile.

Total analysis time (seconds) = 1.757

Total elapsed time (seconds) = 4.356 

Total DRAM available = 7841.855 MB.
DRAM currently available =  183.891 MB.
Maximum ngspice program size =  266.844 MB.
Current ngspice program size =  249.219 MB.

Shared ngspice pages =   10.883 MB.
Text (code) pages =    5.461 MB.
Stack = 0 bytes.
Library pages =  246.398 MB.

