
Note: Compatibility modes selected: hs a


Circuit: * num: 11 corner: ss vdd: 1.65 temp: 125

option SCALE: Scale is set to 1e-06 for instance and model parameters
option SCALE: Scale is set to 1e-06 for instance and model parameters
option SCALE: Scale is set to 1e-06 for instance and model parameters
option SCALE: Scale is set to 1e-06 for instance and model parameters
Doing analysis at TEMP = 125.000000 and TNOM = 27.000000


No. of Data Rows : 1
Doing analysis at TEMP = 125.000000 and TNOM = 27.000000


No. of Data Rows : 801
Doing analysis at TEMP = 125.000000 and TNOM = 27.000000


No. of Data Rows : 801
Doing analysis at TEMP = 125.000000 and TNOM = 27.000000


No. of Data Rows : 801
av100hz             =  8.514658e+01
gbw                 =  1.201009e+07
pm                  =  6.145730e+01
cmrr100hz           =  8.521109e+01
psrr100hz           =  8.589227e+01
ERROR: (internal)  This operation is not defined for display type PrinterOnly.
Can't open viewport for graphics.
ERROR: (internal)  This operation is not defined for display type PrinterOnly.
Can't open viewport for graphics.
idd = -8.29013e-04
vos = 8.882894e-13
vocm = 8.442527e-01
binary raw file "./out/sp11.raw"
Doing analysis at TEMP = 125.000000 and TNOM = 27.000000

OP information in rawfile.

Total analysis time (seconds) = 1.761

Total elapsed time (seconds) = 4.403 

Total DRAM available = 7841.855 MB.
DRAM currently available =  197.926 MB.
Maximum ngspice program size =  266.871 MB.
Current ngspice program size =  249.102 MB.

Shared ngspice pages =   10.738 MB.
Text (code) pages =    5.461 MB.
Stack = 0 bytes.
Library pages =  246.426 MB.

