
Note: Compatibility modes selected: hs a


Circuit: * num: 13 corner: sf vdd: 1.65 temp: 125

option SCALE: Scale is set to 1e-06 for instance and model parameters
option SCALE: Scale is set to 1e-06 for instance and model parameters
option SCALE: Scale is set to 1e-06 for instance and model parameters
option SCALE: Scale is set to 1e-06 for instance and model parameters
Doing analysis at TEMP = 125.000000 and TNOM = 27.000000


No. of Data Rows : 1
Doing analysis at TEMP = 125.000000 and TNOM = 27.000000


No. of Data Rows : 801
Doing analysis at TEMP = 125.000000 and TNOM = 27.000000


No. of Data Rows : 801
Doing analysis at TEMP = 125.000000 and TNOM = 27.000000


No. of Data Rows : 801
av100hz             =  8.601175e+01
gbw                 =  1.225373e+07
pm                  =  6.143857e+01
cmrr100hz           =  8.607312e+01
psrr100hz           =  8.670164e+01
ERROR: (internal)  This operation is not defined for display type PrinterOnly.
Can't open viewport for graphics.
ERROR: (internal)  This operation is not defined for display type PrinterOnly.
Can't open viewport for graphics.
idd = -8.32614e-04
vos = -3.30957e-13
vocm = 8.004468e-01
binary raw file "./out/sp13.raw"
Doing analysis at TEMP = 125.000000 and TNOM = 27.000000

OP information in rawfile.

Total analysis time (seconds) = 2.593

Total elapsed time (seconds) = 5.707 

Total DRAM available = 7841.855 MB.
DRAM currently available =  118.570 MB.
Maximum ngspice program size =  266.863 MB.
Current ngspice program size =  249.262 MB.

Shared ngspice pages =   10.906 MB.
Text (code) pages =    5.461 MB.
Stack = 0 bytes.
Library pages =  246.418 MB.

