
Note: Compatibility modes selected: hs a


Circuit: * num: 14 corner: fs vdd: 1.65 temp: 125

option SCALE: Scale is set to 1e-06 for instance and model parameters
option SCALE: Scale is set to 1e-06 for instance and model parameters
option SCALE: Scale is set to 1e-06 for instance and model parameters
option SCALE: Scale is set to 1e-06 for instance and model parameters
Doing analysis at TEMP = 125.000000 and TNOM = 27.000000


No. of Data Rows : 1
Doing analysis at TEMP = 125.000000 and TNOM = 27.000000


No. of Data Rows : 801
Doing analysis at TEMP = 125.000000 and TNOM = 27.000000


No. of Data Rows : 801
Doing analysis at TEMP = 125.000000 and TNOM = 27.000000


No. of Data Rows : 801
av100hz             =  7.236688e+01
gbw                 =  1.411504e+07
pm                  =  6.198013e+01
cmrr100hz           =  7.250166e+01
psrr100hz           =  7.316521e+01
ERROR: (internal)  This operation is not defined for display type PrinterOnly.
Can't open viewport for graphics.
ERROR: (internal)  This operation is not defined for display type PrinterOnly.
Can't open viewport for graphics.
idd = -1.21086e-03
vos = -1.09102e-12
vocm = 9.308353e-01
binary raw file "./out/sp14.raw"
Doing analysis at TEMP = 125.000000 and TNOM = 27.000000

OP information in rawfile.

Total analysis time (seconds) = 2.097

Total elapsed time (seconds) = 4.943 

Total DRAM available = 7841.855 MB.
DRAM currently available =  138.090 MB.
Maximum ngspice program size =  266.879 MB.
Current ngspice program size =  248.910 MB.

Shared ngspice pages =   10.547 MB.
Text (code) pages =    5.461 MB.
Stack = 0 bytes.
Library pages =  246.434 MB.

