
Note: Compatibility modes selected: hs a


Circuit: * num: 16 corner: ss vdd: 1.95 temp: -40

option SCALE: Scale is set to 1e-06 for instance and model parameters
option SCALE: Scale is set to 1e-06 for instance and model parameters
option SCALE: Scale is set to 1e-06 for instance and model parameters
option SCALE: Scale is set to 1e-06 for instance and model parameters
Doing analysis at TEMP = -40.000000 and TNOM = 27.000000


No. of Data Rows : 1
Doing analysis at TEMP = -40.000000 and TNOM = 27.000000


No. of Data Rows : 801
Doing analysis at TEMP = -40.000000 and TNOM = 27.000000


No. of Data Rows : 801
Doing analysis at TEMP = -40.000000 and TNOM = 27.000000


No. of Data Rows : 801
av100hz             =  9.036950e+01
gbw                 =  2.156238e+07
pm                  =  6.130820e+01
cmrr100hz           =  9.041726e+01
psrr100hz           =  9.116935e+01
ERROR: (internal)  This operation is not defined for display type PrinterOnly.
Can't open viewport for graphics.
ERROR: (internal)  This operation is not defined for display type PrinterOnly.
Can't open viewport for graphics.
idd = -1.22196e-03
vos = -3.67928e-13
vocm = 9.023186e-01
binary raw file "./out/sp16.raw"
Doing analysis at TEMP = -40.000000 and TNOM = 27.000000

OP information in rawfile.

Total analysis time (seconds) = 1.914

Total elapsed time (seconds) = 4.933 

Total DRAM available = 7841.855 MB.
DRAM currently available =  154.812 MB.
Maximum ngspice program size =  266.871 MB.
Current ngspice program size =  249.395 MB.

Shared ngspice pages =   11.031 MB.
Text (code) pages =    5.461 MB.
Stack = 0 bytes.
Library pages =  246.426 MB.

