
Note: Compatibility modes selected: hs a


Circuit: * num: 18 corner: sf vdd: 1.95 temp: -40

option SCALE: Scale is set to 1e-06 for instance and model parameters
option SCALE: Scale is set to 1e-06 for instance and model parameters
option SCALE: Scale is set to 1e-06 for instance and model parameters
option SCALE: Scale is set to 1e-06 for instance and model parameters
Doing analysis at TEMP = -40.000000 and TNOM = 27.000000


No. of Data Rows : 1
Doing analysis at TEMP = -40.000000 and TNOM = 27.000000


No. of Data Rows : 801
Doing analysis at TEMP = -40.000000 and TNOM = 27.000000


No. of Data Rows : 801
Doing analysis at TEMP = -40.000000 and TNOM = 27.000000


No. of Data Rows : 801
av100hz             =  9.019580e+01
gbw                 =  2.195403e+07
pm                  =  6.131444e+01
cmrr100hz           =  9.024405e+01
psrr100hz           =  9.097589e+01
ERROR: (internal)  This operation is not defined for display type PrinterOnly.
Can't open viewport for graphics.
ERROR: (internal)  This operation is not defined for display type PrinterOnly.
Can't open viewport for graphics.
idd = -1.22713e-03
vos = 5.484502e-14
vocm = 8.580381e-01
binary raw file "./out/sp18.raw"
Doing analysis at TEMP = -40.000000 and TNOM = 27.000000

OP information in rawfile.

Total analysis time (seconds) = 2.312

Total elapsed time (seconds) = 5.495 

Total DRAM available = 7841.855 MB.
DRAM currently available =  156.660 MB.
Maximum ngspice program size =  266.859 MB.
Current ngspice program size =  248.785 MB.

Shared ngspice pages =   10.434 MB.
Text (code) pages =    5.461 MB.
Stack = 0 bytes.
Library pages =  246.414 MB.

