
Note: Compatibility modes selected: hs a


Circuit: * num: 2 corner: ff vdd: 1.8 temp: 25

option SCALE: Scale is set to 1e-06 for instance and model parameters
option SCALE: Scale is set to 1e-06 for instance and model parameters
option SCALE: Scale is set to 1e-06 for instance and model parameters
option SCALE: Scale is set to 1e-06 for instance and model parameters
Doing analysis at TEMP = 25.000000 and TNOM = 27.000000


No. of Data Rows : 1
Doing analysis at TEMP = 25.000000 and TNOM = 27.000000


No. of Data Rows : 801
Doing analysis at TEMP = 25.000000 and TNOM = 27.000000


No. of Data Rows : 801
Doing analysis at TEMP = 25.000000 and TNOM = 27.000000


No. of Data Rows : 801
av100hz             =  8.609798e+01
gbw                 =  1.940727e+07
pm                  =  6.144308e+01
cmrr100hz           =  8.615909e+01
psrr100hz           =  8.688532e+01
ERROR: (internal)  This operation is not defined for display type PrinterOnly.
Can't open viewport for graphics.
ERROR: (internal)  This operation is not defined for display type PrinterOnly.
Can't open viewport for graphics.
idd = -1.43614e-03
vos = -2.32148e-13
vocm = 9.044277e-01
binary raw file "./out/sp2.raw"
Doing analysis at TEMP = 25.000000 and TNOM = 27.000000

OP information in rawfile.

Total analysis time (seconds) = 1.902

Total elapsed time (seconds) = 4.562 

Total DRAM available = 7841.855 MB.
DRAM currently available =  139.039 MB.
Maximum ngspice program size =  266.875 MB.
Current ngspice program size =  249.031 MB.

Shared ngspice pages =   10.660 MB.
Text (code) pages =    5.461 MB.
Stack = 0 bytes.
Library pages =  246.430 MB.

