
Note: Compatibility modes selected: hs a


Circuit: * num: 20 corner: tt vdd: 1.95 temp: 125

option SCALE: Scale is set to 1e-06 for instance and model parameters
option SCALE: Scale is set to 1e-06 for instance and model parameters
option SCALE: Scale is set to 1e-06 for instance and model parameters
option SCALE: Scale is set to 1e-06 for instance and model parameters
Doing analysis at TEMP = 125.000000 and TNOM = 27.000000


No. of Data Rows : 1
Doing analysis at TEMP = 125.000000 and TNOM = 27.000000


No. of Data Rows : 801
Doing analysis at TEMP = 125.000000 and TNOM = 27.000000


No. of Data Rows : 801
Doing analysis at TEMP = 125.000000 and TNOM = 27.000000


No. of Data Rows : 801
av100hz             =  7.998695e+01
gbw                 =  1.818287e+07
pm                  =  6.166901e+01
cmrr100hz           =  8.007387e+01
psrr100hz           =  8.012235e+01
ERROR: (internal)  This operation is not defined for display type PrinterOnly.
Can't open viewport for graphics.
ERROR: (internal)  This operation is not defined for display type PrinterOnly.
Can't open viewport for graphics.
idd = -1.85854e-03
vos = -1.95843e-13
vocm = 1.010543e+00
binary raw file "./out/sp20.raw"
Doing analysis at TEMP = 125.000000 and TNOM = 27.000000

OP information in rawfile.

Total analysis time (seconds) = 2.13

Total elapsed time (seconds) = 5.192 

Total DRAM available = 7841.855 MB.
DRAM currently available =  126.316 MB.
Maximum ngspice program size =  266.844 MB.
Current ngspice program size =  248.836 MB.

Shared ngspice pages =   10.504 MB.
Text (code) pages =    5.461 MB.
Stack = 0 bytes.
Library pages =  246.398 MB.

