
Note: Compatibility modes selected: hs a


Circuit: * num: 21 corner: ss vdd: 1.95 temp: 125

option SCALE: Scale is set to 1e-06 for instance and model parameters
option SCALE: Scale is set to 1e-06 for instance and model parameters
option SCALE: Scale is set to 1e-06 for instance and model parameters
option SCALE: Scale is set to 1e-06 for instance and model parameters
Doing analysis at TEMP = 125.000000 and TNOM = 27.000000


No. of Data Rows : 1
Doing analysis at TEMP = 125.000000 and TNOM = 27.000000


No. of Data Rows : 801
Doing analysis at TEMP = 125.000000 and TNOM = 27.000000


No. of Data Rows : 801
Doing analysis at TEMP = 125.000000 and TNOM = 27.000000


No. of Data Rows : 801
av100hz             =  8.304305e+01
gbw                 =  1.681062e+07
pm                  =  6.155417e+01
cmrr100hz           =  8.311593e+01
psrr100hz           =  8.324692e+01
ERROR: (internal)  This operation is not defined for display type PrinterOnly.
Can't open viewport for graphics.
ERROR: (internal)  This operation is not defined for display type PrinterOnly.
Can't open viewport for graphics.
idd = -1.59431e-03
vos = 2.210454e-13
vocm = 9.869276e-01
binary raw file "./out/sp21.raw"
Doing analysis at TEMP = 125.000000 and TNOM = 27.000000

OP information in rawfile.

Total analysis time (seconds) = 2.081

Total elapsed time (seconds) = 5.073 

Total DRAM available = 7841.855 MB.
DRAM currently available =  133.125 MB.
Maximum ngspice program size =  266.875 MB.
Current ngspice program size =  249.137 MB.

Shared ngspice pages =   10.773 MB.
Text (code) pages =    5.461 MB.
Stack = 0 bytes.
Library pages =  246.430 MB.

