
Note: Compatibility modes selected: hs a


Circuit: * num: 22 corner: ff vdd: 1.95 temp: 125

option SCALE: Scale is set to 1e-06 for instance and model parameters
option SCALE: Scale is set to 1e-06 for instance and model parameters
option SCALE: Scale is set to 1e-06 for instance and model parameters
option SCALE: Scale is set to 1e-06 for instance and model parameters
Doing analysis at TEMP = 125.000000 and TNOM = 27.000000


No. of Data Rows : 1
Doing analysis at TEMP = 125.000000 and TNOM = 27.000000


No. of Data Rows : 801
Doing analysis at TEMP = 125.000000 and TNOM = 27.000000


No. of Data Rows : 801
Doing analysis at TEMP = 125.000000 and TNOM = 27.000000


No. of Data Rows : 801
av100hz             =  7.589639e+01
gbw                 =  1.948514e+07
pm                  =  6.184890e+01
cmrr100hz           =  7.600639e+01
psrr100hz           =  7.598637e+01
ERROR: (internal)  This operation is not defined for display type PrinterOnly.
Can't open viewport for graphics.
ERROR: (internal)  This operation is not defined for display type PrinterOnly.
Can't open viewport for graphics.
idd = -2.13071e-03
vos = 1.407763e-13
vocm = 1.032358e+00
binary raw file "./out/sp22.raw"
Doing analysis at TEMP = 125.000000 and TNOM = 27.000000

OP information in rawfile.

Total analysis time (seconds) = 1.941

Total elapsed time (seconds) = 4.795 

Total DRAM available = 7841.855 MB.
DRAM currently available =  158.453 MB.
Maximum ngspice program size =  266.863 MB.
Current ngspice program size =  249.191 MB.

Shared ngspice pages =   10.836 MB.
Text (code) pages =    5.461 MB.
Stack = 0 bytes.
Library pages =  246.418 MB.

