
Note: Compatibility modes selected: hs a


Circuit: * num: 23 corner: sf vdd: 1.95 temp: 125

option SCALE: Scale is set to 1e-06 for instance and model parameters
option SCALE: Scale is set to 1e-06 for instance and model parameters
option SCALE: Scale is set to 1e-06 for instance and model parameters
option SCALE: Scale is set to 1e-06 for instance and model parameters
Doing analysis at TEMP = 125.000000 and TNOM = 27.000000


No. of Data Rows : 1
Doing analysis at TEMP = 125.000000 and TNOM = 27.000000


No. of Data Rows : 801
Doing analysis at TEMP = 125.000000 and TNOM = 27.000000


No. of Data Rows : 801
Doing analysis at TEMP = 125.000000 and TNOM = 27.000000


No. of Data Rows : 801
av100hz             =  8.367838e+01
gbw                 =  1.713933e+07
pm                  =  6.153473e+01
cmrr100hz           =  8.374864e+01
psrr100hz           =  8.388238e+01
ERROR: (internal)  This operation is not defined for display type PrinterOnly.
Can't open viewport for graphics.
ERROR: (internal)  This operation is not defined for display type PrinterOnly.
Can't open viewport for graphics.
idd = -1.61159e-03
vos = -2.58571e-13
vocm = 9.435559e-01
binary raw file "./out/sp23.raw"
Doing analysis at TEMP = 125.000000 and TNOM = 27.000000

OP information in rawfile.

Total analysis time (seconds) = 2.149

Total elapsed time (seconds) = 4.972 

Total DRAM available = 7841.855 MB.
DRAM currently available =  180.141 MB.
Maximum ngspice program size =  266.863 MB.
Current ngspice program size =  248.926 MB.

Shared ngspice pages =   10.570 MB.
Text (code) pages =    5.461 MB.
Stack = 0 bytes.
Library pages =  246.418 MB.

