
Note: Compatibility modes selected: hs a


Circuit: * num: 24 corner: fs vdd: 1.95 temp: 125

option SCALE: Scale is set to 1e-06 for instance and model parameters
option SCALE: Scale is set to 1e-06 for instance and model parameters
option SCALE: Scale is set to 1e-06 for instance and model parameters
option SCALE: Scale is set to 1e-06 for instance and model parameters
Doing analysis at TEMP = 125.000000 and TNOM = 27.000000


No. of Data Rows : 1
Doing analysis at TEMP = 125.000000 and TNOM = 27.000000


No. of Data Rows : 801
Doing analysis at TEMP = 125.000000 and TNOM = 27.000000


No. of Data Rows : 801
Doing analysis at TEMP = 125.000000 and TNOM = 27.000000


No. of Data Rows : 801
av100hz             =  7.244800e+01
gbw                 =  1.891409e+07
pm                  =  6.202220e+01
cmrr100hz           =  7.258215e+01
psrr100hz           =  7.259197e+01
ERROR: (internal)  This operation is not defined for display type PrinterOnly.
Can't open viewport for graphics.
ERROR: (internal)  This operation is not defined for display type PrinterOnly.
Can't open viewport for graphics.
idd = -2.09321e-03
vos = 2.386980e-13
vocm = 1.074208e+00
binary raw file "./out/sp24.raw"
Doing analysis at TEMP = 125.000000 and TNOM = 27.000000

OP information in rawfile.

Total analysis time (seconds) = 1.932

Total elapsed time (seconds) = 4.741 

Total DRAM available = 7841.855 MB.
DRAM currently available =  159.699 MB.
Maximum ngspice program size =  266.875 MB.
Current ngspice program size =  249.160 MB.

Shared ngspice pages =   10.801 MB.
Text (code) pages =    5.461 MB.
Stack = 0 bytes.
Library pages =  246.430 MB.

