
Note: Compatibility modes selected: hs a


Circuit: * num: 3 corner: sf vdd: 1.8 temp: 25

option SCALE: Scale is set to 1e-06 for instance and model parameters
option SCALE: Scale is set to 1e-06 for instance and model parameters
option SCALE: Scale is set to 1e-06 for instance and model parameters
option SCALE: Scale is set to 1e-06 for instance and model parameters
Doing analysis at TEMP = 25.000000 and TNOM = 27.000000


No. of Data Rows : 1
Doing analysis at TEMP = 25.000000 and TNOM = 27.000000


No. of Data Rows : 801
Doing analysis at TEMP = 25.000000 and TNOM = 27.000000


No. of Data Rows : 801
Doing analysis at TEMP = 25.000000 and TNOM = 27.000000


No. of Data Rows : 801
av100hz             =  8.956221e+01
gbw                 =  1.580121e+07
pm                  =  6.134002e+01
cmrr100hz           =  8.961221e+01
psrr100hz           =  9.036088e+01
ERROR: (internal)  This operation is not defined for display type PrinterOnly.
Can't open viewport for graphics.
ERROR: (internal)  This operation is not defined for display type PrinterOnly.
Can't open viewport for graphics.
idd = -9.25088e-04
vos = 2.459144e-13
vocm = 8.180904e-01
binary raw file "./out/sp3.raw"
Doing analysis at TEMP = 25.000000 and TNOM = 27.000000

OP information in rawfile.

Total analysis time (seconds) = 3.272

Total elapsed time (seconds) = 6.184 

Total DRAM available = 7841.855 MB.
DRAM currently available =  120.051 MB.
Maximum ngspice program size =  266.871 MB.
Current ngspice program size =  249.156 MB.

Shared ngspice pages =   10.797 MB.
Text (code) pages =    5.461 MB.
Stack = 0 bytes.
Library pages =  246.426 MB.

