
Note: Compatibility modes selected: hs a


Circuit: * num: 4 corner: fs vdd: 1.8 temp: 25

option SCALE: Scale is set to 1e-06 for instance and model parameters
option SCALE: Scale is set to 1e-06 for instance and model parameters
option SCALE: Scale is set to 1e-06 for instance and model parameters
option SCALE: Scale is set to 1e-06 for instance and model parameters
Doing analysis at TEMP = 25.000000 and TNOM = 27.000000


No. of Data Rows : 1
Doing analysis at TEMP = 25.000000 and TNOM = 27.000000


No. of Data Rows : 801
Doing analysis at TEMP = 25.000000 and TNOM = 27.000000


No. of Data Rows : 801
Doing analysis at TEMP = 25.000000 and TNOM = 27.000000


No. of Data Rows : 801
av100hz             =  8.486545e+01
gbw                 =  1.881611e+07
pm                  =  6.147295e+01
cmrr100hz           =  8.493107e+01
psrr100hz           =  8.575184e+01
ERROR: (internal)  This operation is not defined for display type PrinterOnly.
Can't open viewport for graphics.
ERROR: (internal)  This operation is not defined for display type PrinterOnly.
Can't open viewport for graphics.
idd = -1.41534e-03
vos = 3.831380e-13
vocm = 9.471919e-01
binary raw file "./out/sp4.raw"
Doing analysis at TEMP = 25.000000 and TNOM = 27.000000

OP information in rawfile.

Total analysis time (seconds) = 2.321

Total elapsed time (seconds) = 5.453 

Total DRAM available = 7841.855 MB.
DRAM currently available =  154.379 MB.
Maximum ngspice program size =  266.875 MB.
Current ngspice program size =  249.340 MB.

Shared ngspice pages =   10.977 MB.
Text (code) pages =    5.461 MB.
Stack = 0 bytes.
Library pages =  246.430 MB.

