
Note: Compatibility modes selected: hs a


Circuit: * num: 5 corner: tt vdd: 1.65 temp: -40

option SCALE: Scale is set to 1e-06 for instance and model parameters
option SCALE: Scale is set to 1e-06 for instance and model parameters
option SCALE: Scale is set to 1e-06 for instance and model parameters
option SCALE: Scale is set to 1e-06 for instance and model parameters
Doing analysis at TEMP = -40.000000 and TNOM = 27.000000


No. of Data Rows : 1
Doing analysis at TEMP = -40.000000 and TNOM = 27.000000


No. of Data Rows : 801
Doing analysis at TEMP = -40.000000 and TNOM = 27.000000


No. of Data Rows : 801
Doing analysis at TEMP = -40.000000 and TNOM = 27.000000


No. of Data Rows : 801
av100hz             =  9.121778e+01
gbw                 =  1.384009e+07
pm                  =  6.125798e+01
cmrr100hz           =  9.126317e+01
psrr100hz           =  9.264005e+01
ERROR: (internal)  This operation is not defined for display type PrinterOnly.
Can't open viewport for graphics.
ERROR: (internal)  This operation is not defined for display type PrinterOnly.
Can't open viewport for graphics.
idd = -5.60141e-04
vos = -3.78253e-13
vocm = 7.911390e-01
binary raw file "./out/sp5.raw"
Doing analysis at TEMP = -40.000000 and TNOM = 27.000000

OP information in rawfile.

Total analysis time (seconds) = 1.988

Total elapsed time (seconds) = 4.985 

Total DRAM available = 7841.855 MB.
DRAM currently available =  187.289 MB.
Maximum ngspice program size =  266.883 MB.
Current ngspice program size =  249.262 MB.

Shared ngspice pages =   10.891 MB.
Text (code) pages =    5.461 MB.
Stack = 0 bytes.
Library pages =  246.438 MB.

