
Note: Compatibility modes selected: hs a


Circuit: * num: 7 corner: ff vdd: 1.65 temp: -40

option SCALE: Scale is set to 1e-06 for instance and model parameters
option SCALE: Scale is set to 1e-06 for instance and model parameters
option SCALE: Scale is set to 1e-06 for instance and model parameters
option SCALE: Scale is set to 1e-06 for instance and model parameters
Doing analysis at TEMP = -40.000000 and TNOM = 27.000000


No. of Data Rows : 1
Doing analysis at TEMP = -40.000000 and TNOM = 27.000000


No. of Data Rows : 801
Doing analysis at TEMP = -40.000000 and TNOM = 27.000000


No. of Data Rows : 801
Doing analysis at TEMP = -40.000000 and TNOM = 27.000000


No. of Data Rows : 801
av100hz             =  9.008727e+01
gbw                 =  1.644637e+07
pm                  =  6.128683e+01
cmrr100hz           =  9.013578e+01
psrr100hz           =  9.159186e+01
ERROR: (internal)  This operation is not defined for display type PrinterOnly.
Can't open viewport for graphics.
ERROR: (internal)  This operation is not defined for display type PrinterOnly.
Can't open viewport for graphics.
idd = -7.80660e-04
vos = 2.098322e-14
vocm = 8.104706e-01
binary raw file "./out/sp7.raw"
Doing analysis at TEMP = -40.000000 and TNOM = 27.000000

OP information in rawfile.

Total analysis time (seconds) = 1.756

Total elapsed time (seconds) = 4.772 

Total DRAM available = 7841.855 MB.
DRAM currently available =  162.641 MB.
Maximum ngspice program size =  266.902 MB.
Current ngspice program size =  249.383 MB.

Shared ngspice pages =   11.008 MB.
Text (code) pages =    5.461 MB.
Stack = 0 bytes.
Library pages =  246.457 MB.

