
Note: Compatibility modes selected: hs a


Circuit: * num: 8 corner: sf vdd: 1.65 temp: -40

option SCALE: Scale is set to 1e-06 for instance and model parameters
option SCALE: Scale is set to 1e-06 for instance and model parameters
option SCALE: Scale is set to 1e-06 for instance and model parameters
option SCALE: Scale is set to 1e-06 for instance and model parameters
Doing analysis at TEMP = -40.000000 and TNOM = 27.000000


No. of Data Rows : 1
Doing analysis at TEMP = -40.000000 and TNOM = 27.000000


No. of Data Rows : 801
Doing analysis at TEMP = -40.000000 and TNOM = 27.000000


No. of Data Rows : 801
Doing analysis at TEMP = -40.000000 and TNOM = 27.000000


No. of Data Rows : 801
av100hz             =  9.185898e+01
gbw                 =  1.116363e+07
pm                  =  6.128339e+01
cmrr100hz           =  9.190260e+01
psrr100hz           =  9.305465e+01
ERROR: (internal)  This operation is not defined for display type PrinterOnly.
Can't open viewport for graphics.
ERROR: (internal)  This operation is not defined for display type PrinterOnly.
Can't open viewport for graphics.
idd = -3.61500e-04
vos = -4.76619e-13
vocm = 7.239613e-01
binary raw file "./out/sp8.raw"
Doing analysis at TEMP = -40.000000 and TNOM = 27.000000

OP information in rawfile.

Total analysis time (seconds) = 2.048

Total elapsed time (seconds) = 4.633 

Total DRAM available = 7841.855 MB.
DRAM currently available =  177.484 MB.
Maximum ngspice program size =  266.895 MB.
Current ngspice program size =  249.145 MB.

Shared ngspice pages =   10.781 MB.
Text (code) pages =    5.461 MB.
Stack = 0 bytes.
Library pages =  246.449 MB.

