
Note: Compatibility modes selected: hs a


Circuit: * num: 9 corner: fs vdd: 1.65 temp: -40

option SCALE: Scale is set to 1e-06 for instance and model parameters
option SCALE: Scale is set to 1e-06 for instance and model parameters
option SCALE: Scale is set to 1e-06 for instance and model parameters
option SCALE: Scale is set to 1e-06 for instance and model parameters
Doing analysis at TEMP = -40.000000 and TNOM = 27.000000


No. of Data Rows : 1
Doing analysis at TEMP = -40.000000 and TNOM = 27.000000


No. of Data Rows : 801
Doing analysis at TEMP = -40.000000 and TNOM = 27.000000


No. of Data Rows : 801
Doing analysis at TEMP = -40.000000 and TNOM = 27.000000


No. of Data Rows : 801
av100hz             =  8.957972e+01
gbw                 =  1.598122e+07
pm                  =  6.128973e+01
cmrr100hz           =  8.962967e+01
psrr100hz           =  9.125635e+01
ERROR: (internal)  This operation is not defined for display type PrinterOnly.
Can't open viewport for graphics.
ERROR: (internal)  This operation is not defined for display type PrinterOnly.
Can't open viewport for graphics.
idd = -7.78653e-04
vos = -5.41900e-13
vocm = 8.544675e-01
binary raw file "./out/sp9.raw"
Doing analysis at TEMP = -40.000000 and TNOM = 27.000000

OP information in rawfile.

Total analysis time (seconds) = 1.968

Total elapsed time (seconds) = 5.078 

Total DRAM available = 7841.855 MB.
DRAM currently available =  156.145 MB.
Maximum ngspice program size =  266.898 MB.
Current ngspice program size =  249.191 MB.

Shared ngspice pages =   10.883 MB.
Text (code) pages =    5.461 MB.
Stack = 0 bytes.
Library pages =  246.453 MB.

