
Note: Compatibility modes selected: hs a

Warning: redefinition of .subckt inv1p1, ignored

Circuit: * num: 0 corner: tt vdd: 1.8 temp: 25

option SCALE: Scale is set to 1e-06 for instance and model parameters
option SCALE: Scale is set to 1e-06 for instance and model parameters
option SCALE: Scale is set to 1e-06 for instance and model parameters
option SCALE: Scale is set to 1e-06 for instance and model parameters
Doing analysis at TEMP = 25.000000 and TNOM = 27.000000


No. of Data Rows : 181
ERROR: (internal)  This operation is not defined for display type PrinterOnly.
Can't open viewport for graphics.
ERROR: (internal)  This operation is not defined for display type PrinterOnly.
Can't open viewport for graphics.
binary raw file "./out/sp0.raw"
Doing analysis at TEMP = 25.000000 and TNOM = 27.000000

No. of Data Columns : 30  

No. of Data Rows : 181

Total analysis time (seconds) = 0.008

Total elapsed time (seconds) = 2.125 

Total DRAM available = 7841.855 MB.
DRAM currently available =  566.039 MB.
Maximum ngspice program size =  248.324 MB.
Current ngspice program size =  229.973 MB.

Shared ngspice pages =   10.258 MB.
Text (code) pages =    5.461 MB.
Stack = 0 bytes.
Library pages =  227.879 MB.

