
Note: Compatibility modes selected: hs a

Warning: redefinition of .subckt inv1p1, ignored

Circuit: * num: 1 corner: ss vdd: 1.8 temp: 25

option SCALE: Scale is set to 1e-06 for instance and model parameters
option SCALE: Scale is set to 1e-06 for instance and model parameters
option SCALE: Scale is set to 1e-06 for instance and model parameters
option SCALE: Scale is set to 1e-06 for instance and model parameters
Doing analysis at TEMP = 25.000000 and TNOM = 27.000000


No. of Data Rows : 181
ERROR: (internal)  This operation is not defined for display type PrinterOnly.
Can't open viewport for graphics.
ERROR: (internal)  This operation is not defined for display type PrinterOnly.
Can't open viewport for graphics.
binary raw file "./out/sp1.raw"
Doing analysis at TEMP = 25.000000 and TNOM = 27.000000

No. of Data Columns : 30  

No. of Data Rows : 181

Total analysis time (seconds) = 0.01

Total elapsed time (seconds) = 2.144 

Total DRAM available = 7841.855 MB.
DRAM currently available =  574.910 MB.
Maximum ngspice program size =  248.332 MB.
Current ngspice program size =  230.199 MB.

Shared ngspice pages =   10.484 MB.
Text (code) pages =    5.461 MB.
Stack = 0 bytes.
Library pages =  227.887 MB.

