
Note: Compatibility modes selected: hs a

Warning: redefinition of .subckt inv1p1, ignored

Circuit: * num: 15 corner: tt vdd: 1.95 temp: -40

option SCALE: Scale is set to 1e-06 for instance and model parameters
option SCALE: Scale is set to 1e-06 for instance and model parameters
option SCALE: Scale is set to 1e-06 for instance and model parameters
option SCALE: Scale is set to 1e-06 for instance and model parameters
Doing analysis at TEMP = -40.000000 and TNOM = 27.000000


No. of Data Rows : 196
ERROR: (internal)  This operation is not defined for display type PrinterOnly.
Can't open viewport for graphics.
ERROR: (internal)  This operation is not defined for display type PrinterOnly.
Can't open viewport for graphics.
binary raw file "./out/sp15.raw"
Doing analysis at TEMP = -40.000000 and TNOM = 27.000000

No. of Data Columns : 30  

No. of Data Rows : 196

Total analysis time (seconds) = 0.01

Total elapsed time (seconds) = 2.322 

Total DRAM available = 7841.855 MB.
DRAM currently available =  558.293 MB.
Maximum ngspice program size =  248.328 MB.
Current ngspice program size =  230.184 MB.

Shared ngspice pages =   10.477 MB.
Text (code) pages =    5.461 MB.
Stack = 0 bytes.
Library pages =  227.883 MB.

