
Note: Compatibility modes selected: hs a

Warning: redefinition of .subckt inv1p1, ignored

Circuit: * num: 19 corner: fs vdd: 1.95 temp: -40

option SCALE: Scale is set to 1e-06 for instance and model parameters
option SCALE: Scale is set to 1e-06 for instance and model parameters
option SCALE: Scale is set to 1e-06 for instance and model parameters
option SCALE: Scale is set to 1e-06 for instance and model parameters
Doing analysis at TEMP = -40.000000 and TNOM = 27.000000


No. of Data Rows : 196
ERROR: (internal)  This operation is not defined for display type PrinterOnly.
Can't open viewport for graphics.
ERROR: (internal)  This operation is not defined for display type PrinterOnly.
Can't open viewport for graphics.
binary raw file "./out/sp19.raw"
Doing analysis at TEMP = -40.000000 and TNOM = 27.000000

No. of Data Columns : 30  

No. of Data Rows : 196

Total analysis time (seconds) = 0.009

Total elapsed time (seconds) = 2.113 

Total DRAM available = 7841.855 MB.
DRAM currently available =  566.762 MB.
Maximum ngspice program size =  248.332 MB.
Current ngspice program size =  230.129 MB.

Shared ngspice pages =   10.422 MB.
Text (code) pages =    5.461 MB.
Stack = 0 bytes.
Library pages =  227.887 MB.

