
Note: Compatibility modes selected: hs a

Warning: redefinition of .subckt inv1p1, ignored

Circuit: * num: 2 corner: ff vdd: 1.8 temp: 25

option SCALE: Scale is set to 1e-06 for instance and model parameters
option SCALE: Scale is set to 1e-06 for instance and model parameters
option SCALE: Scale is set to 1e-06 for instance and model parameters
option SCALE: Scale is set to 1e-06 for instance and model parameters
Doing analysis at TEMP = 25.000000 and TNOM = 27.000000


No. of Data Rows : 181
ERROR: (internal)  This operation is not defined for display type PrinterOnly.
Can't open viewport for graphics.
ERROR: (internal)  This operation is not defined for display type PrinterOnly.
Can't open viewport for graphics.
binary raw file "./out/sp2.raw"
Doing analysis at TEMP = 25.000000 and TNOM = 27.000000

No. of Data Columns : 30  

No. of Data Rows : 181

Total analysis time (seconds) = 0.011

Total elapsed time (seconds) = 2.134 

Total DRAM available = 7841.855 MB.
DRAM currently available =  571.438 MB.
Maximum ngspice program size =  248.340 MB.
Current ngspice program size =  230.027 MB.

Shared ngspice pages =   10.312 MB.
Text (code) pages =    5.461 MB.
Stack = 0 bytes.
Library pages =  227.895 MB.

