
Note: Compatibility modes selected: hs a

Warning: redefinition of .subckt inv1p1, ignored

Circuit: * num: 23 corner: sf vdd: 1.95 temp: 125

option SCALE: Scale is set to 1e-06 for instance and model parameters
option SCALE: Scale is set to 1e-06 for instance and model parameters
option SCALE: Scale is set to 1e-06 for instance and model parameters
option SCALE: Scale is set to 1e-06 for instance and model parameters
Doing analysis at TEMP = 125.000000 and TNOM = 27.000000


No. of Data Rows : 196
ERROR: (internal)  This operation is not defined for display type PrinterOnly.
Can't open viewport for graphics.
ERROR: (internal)  This operation is not defined for display type PrinterOnly.
Can't open viewport for graphics.
binary raw file "./out/sp23.raw"
Doing analysis at TEMP = 125.000000 and TNOM = 27.000000

No. of Data Columns : 30  

No. of Data Rows : 196

Total analysis time (seconds) = 0.009

Total elapsed time (seconds) = 2.109 

Total DRAM available = 7841.855 MB.
DRAM currently available =  563.637 MB.
Maximum ngspice program size =  248.328 MB.
Current ngspice program size =  230.281 MB.

Shared ngspice pages =   10.578 MB.
Text (code) pages =    5.461 MB.
Stack = 0 bytes.
Library pages =  227.883 MB.

